<?xml version="1.0" encoding="UTF-8"?>
<!-- Generated by org.testng.reporters.JUnitReportReporter -->
<testsuite hostname="DESKTOP-COMQHP6" failures="0" tests="1" name="FlightBooking.AddTripTest" time="10.636" errors="0" timestamp="16 May 2020 10:18:11 GMT" skipped="0">
  <testcase classname="FlightBooking.AddTripTest" name="BookTrip" time="10.636"/>
</testsuite> <!-- FlightBooking.AddTripTest -->
