<?xml version="1.0" encoding="UTF-8"?>
<testsuite xmlns:xsi="http://www.w3.org/2001/XMLSchema-instance" xsi:noNamespaceSchemaLocation="https://maven.apache.org/surefire/maven-surefire-plugin/xsd/surefire-test-report.xsd" name="TestSuite" time="23.045" tests="1" errors="0" skipped="0" failures="1">
  <properties>
    <property name="java.specification.version" value="13"/>
    <property name="sun.cpu.isalist" value="amd64"/>
    <property name="sun.jnu.encoding" value="Cp1253"/>
    <property name="java.class.path" value="C:\Users\Saltas\Documents\Selenium Course\Java Scripts\Expedia\target\test-classes;C:\Users\Saltas\Documents\Selenium Course\Java Scripts\Expedia\target\classes;C:\Users\Saltas\.m2\repository\junit\junit\4.11\junit-4.11.jar;C:\Users\Saltas\.m2\repository\org\hamcrest\hamcrest-core\1.3\hamcrest-core-1.3.jar;C:\Users\Saltas\.m2\repository\org\testng\testng\6.11\testng-6.11.jar;C:\Users\Saltas\.m2\repository\com\beust\jcommander\1.64\jcommander-1.64.jar;C:\Users\Saltas\.m2\repository\org\yaml\snakeyaml\1.17\snakeyaml-1.17.jar;C:\Users\Saltas\.m2\repository\com\relevantcodes\extentreports\2.41.2\extentreports-2.41.2.jar;C:\Users\Saltas\.m2\repository\org\mongodb\mongodb-driver\3.0.4\mongodb-driver-3.0.4.jar;C:\Users\Saltas\.m2\repository\org\mongodb\bson\3.0.4\bson-3.0.4.jar;C:\Users\Saltas\.m2\repository\org\mongodb\mongodb-driver-core\3.0.4\mongodb-driver-core-3.0.4.jar;C:\Users\Saltas\.m2\repository\org\seleniumhq\selenium\selenium-java\3.141.59\selenium-java-3.141.59.jar;C:\Users\Saltas\.m2\repository\org\seleniumhq\selenium\selenium-api\3.141.59\selenium-api-3.141.59.jar;C:\Users\Saltas\.m2\repository\org\seleniumhq\selenium\selenium-chrome-driver\3.141.59\selenium-chrome-driver-3.141.59.jar;C:\Users\Saltas\.m2\repository\org\seleniumhq\selenium\selenium-edge-driver\3.141.59\selenium-edge-driver-3.141.59.jar;C:\Users\Saltas\.m2\repository\org\seleniumhq\selenium\selenium-firefox-driver\3.141.59\selenium-firefox-driver-3.141.59.jar;C:\Users\Saltas\.m2\repository\org\seleniumhq\selenium\selenium-ie-driver\3.141.59\selenium-ie-driver-3.141.59.jar;C:\Users\Saltas\.m2\repository\org\seleniumhq\selenium\selenium-opera-driver\3.141.59\selenium-opera-driver-3.141.59.jar;C:\Users\Saltas\.m2\repository\org\seleniumhq\selenium\selenium-remote-driver\3.141.59\selenium-remote-driver-3.141.59.jar;C:\Users\Saltas\.m2\repository\org\seleniumhq\selenium\selenium-safari-driver\3.141.59\selenium-safari-driver-3.141.59.jar;C:\Users\Saltas\.m2\repository\org\seleniumhq\selenium\selenium-support\3.141.59\selenium-support-3.141.59.jar;C:\Users\Saltas\.m2\repository\net\bytebuddy\byte-buddy\1.8.15\byte-buddy-1.8.15.jar;C:\Users\Saltas\.m2\repository\org\apache\commons\commons-exec\1.3\commons-exec-1.3.jar;C:\Users\Saltas\.m2\repository\com\google\guava\guava\25.0-jre\guava-25.0-jre.jar;C:\Users\Saltas\.m2\repository\com\google\code\findbugs\jsr305\1.3.9\jsr305-1.3.9.jar;C:\Users\Saltas\.m2\repository\org\checkerframework\checker-compat-qual\2.0.0\checker-compat-qual-2.0.0.jar;C:\Users\Saltas\.m2\repository\com\google\errorprone\error_prone_annotations\2.1.3\error_prone_annotations-2.1.3.jar;C:\Users\Saltas\.m2\repository\com\google\j2objc\j2objc-annotations\1.1\j2objc-annotations-1.1.jar;C:\Users\Saltas\.m2\repository\org\codehaus\mojo\animal-sniffer-annotations\1.14\animal-sniffer-annotations-1.14.jar;C:\Users\Saltas\.m2\repository\com\squareup\okhttp3\okhttp\3.11.0\okhttp-3.11.0.jar;C:\Users\Saltas\.m2\repository\com\squareup\okio\okio\1.14.0\okio-1.14.0.jar;C:\Users\Saltas\.m2\repository\org\freemarker\freemarker\2.3.30\freemarker-2.3.30.jar;C:\Users\Saltas\.m2\repository\org\jsoup\jsoup\1.13.1\jsoup-1.13.1.jar;C:\Users\Saltas\.m2\repository\org\xerial\sqlite-jdbc\3.31.1\sqlite-jdbc-3.31.1.jar;C:\Users\Saltas\.m2\repository\org\apache\maven\surefire\surefire-testng-utils\2.22.0\surefire-testng-utils-2.22.0.jar;C:\Users\Saltas\.m2\repository\org\apache\maven\surefire\surefire-grouper\2.22.0\surefire-grouper-2.22.0.jar;"/>
    <property name="java.vm.vendor" value="Oracle Corporation"/>
    <property name="sun.arch.data.model" value="64"/>
    <property name="user.variant" value=""/>
    <property name="java.vendor.url" value="https://java.oracle.com/"/>
    <property name="user.timezone" value="Europe/Athens"/>
    <property name="os.name" value="Windows 10"/>
    <property name="java.vm.specification.version" value="13"/>
    <property name="sun.java.launcher" value="SUN_STANDARD"/>
    <property name="user.country" value="US"/>
    <property name="sun.boot.library.path" value="C:\Program Files\Java\jdk-13.0.2\bin"/>
    <property name="sun.java.command" value="C:\Users\Saltas\AppData\Local\Temp\surefire5981763671926201962\surefirebooter2183301862449937645.jar C:\Users\Saltas\AppData\Local\Temp\surefire5981763671926201962 2020-05-27T18-27-28_184-jvmRun1 surefire5279141551786840431tmp surefire_011182886261126206170tmp"/>
    <property name="jdk.debug" value="release"/>
    <property name="surefire.test.class.path" value="C:\Users\Saltas\Documents\Selenium Course\Java Scripts\Expedia\target\test-classes;C:\Users\Saltas\Documents\Selenium Course\Java Scripts\Expedia\target\classes;C:\Users\Saltas\.m2\repository\junit\junit\4.11\junit-4.11.jar;C:\Users\Saltas\.m2\repository\org\hamcrest\hamcrest-core\1.3\hamcrest-core-1.3.jar;C:\Users\Saltas\.m2\repository\org\testng\testng\6.11\testng-6.11.jar;C:\Users\Saltas\.m2\repository\com\beust\jcommander\1.64\jcommander-1.64.jar;C:\Users\Saltas\.m2\repository\org\yaml\snakeyaml\1.17\snakeyaml-1.17.jar;C:\Users\Saltas\.m2\repository\com\relevantcodes\extentreports\2.41.2\extentreports-2.41.2.jar;C:\Users\Saltas\.m2\repository\org\mongodb\mongodb-driver\3.0.4\mongodb-driver-3.0.4.jar;C:\Users\Saltas\.m2\repository\org\mongodb\bson\3.0.4\bson-3.0.4.jar;C:\Users\Saltas\.m2\repository\org\mongodb\mongodb-driver-core\3.0.4\mongodb-driver-core-3.0.4.jar;C:\Users\Saltas\.m2\repository\org\seleniumhq\selenium\selenium-java\3.141.59\selenium-java-3.141.59.jar;C:\Users\Saltas\.m2\repository\org\seleniumhq\selenium\selenium-api\3.141.59\selenium-api-3.141.59.jar;C:\Users\Saltas\.m2\repository\org\seleniumhq\selenium\selenium-chrome-driver\3.141.59\selenium-chrome-driver-3.141.59.jar;C:\Users\Saltas\.m2\repository\org\seleniumhq\selenium\selenium-edge-driver\3.141.59\selenium-edge-driver-3.141.59.jar;C:\Users\Saltas\.m2\repository\org\seleniumhq\selenium\selenium-firefox-driver\3.141.59\selenium-firefox-driver-3.141.59.jar;C:\Users\Saltas\.m2\repository\org\seleniumhq\selenium\selenium-ie-driver\3.141.59\selenium-ie-driver-3.141.59.jar;C:\Users\Saltas\.m2\repository\org\seleniumhq\selenium\selenium-opera-driver\3.141.59\selenium-opera-driver-3.141.59.jar;C:\Users\Saltas\.m2\repository\org\seleniumhq\selenium\selenium-remote-driver\3.141.59\selenium-remote-driver-3.141.59.jar;C:\Users\Saltas\.m2\repository\org\seleniumhq\selenium\selenium-safari-driver\3.141.59\selenium-safari-driver-3.141.59.jar;C:\Users\Saltas\.m2\repository\org\seleniumhq\selenium\selenium-support\3.141.59\selenium-support-3.141.59.jar;C:\Users\Saltas\.m2\repository\net\bytebuddy\byte-buddy\1.8.15\byte-buddy-1.8.15.jar;C:\Users\Saltas\.m2\repository\org\apache\commons\commons-exec\1.3\commons-exec-1.3.jar;C:\Users\Saltas\.m2\repository\com\google\guava\guava\25.0-jre\guava-25.0-jre.jar;C:\Users\Saltas\.m2\repository\com\google\code\findbugs\jsr305\1.3.9\jsr305-1.3.9.jar;C:\Users\Saltas\.m2\repository\org\checkerframework\checker-compat-qual\2.0.0\checker-compat-qual-2.0.0.jar;C:\Users\Saltas\.m2\repository\com\google\errorprone\error_prone_annotations\2.1.3\error_prone_annotations-2.1.3.jar;C:\Users\Saltas\.m2\repository\com\google\j2objc\j2objc-annotations\1.1\j2objc-annotations-1.1.jar;C:\Users\Saltas\.m2\repository\org\codehaus\mojo\animal-sniffer-annotations\1.14\animal-sniffer-annotations-1.14.jar;C:\Users\Saltas\.m2\repository\com\squareup\okhttp3\okhttp\3.11.0\okhttp-3.11.0.jar;C:\Users\Saltas\.m2\repository\com\squareup\okio\okio\1.14.0\okio-1.14.0.jar;C:\Users\Saltas\.m2\repository\org\freemarker\freemarker\2.3.30\freemarker-2.3.30.jar;C:\Users\Saltas\.m2\repository\org\jsoup\jsoup\1.13.1\jsoup-1.13.1.jar;C:\Users\Saltas\.m2\repository\org\xerial\sqlite-jdbc\3.31.1\sqlite-jdbc-3.31.1.jar;C:\Users\Saltas\.m2\repository\org\apache\maven\surefire\surefire-testng-utils\2.22.0\surefire-testng-utils-2.22.0.jar;C:\Users\Saltas\.m2\repository\org\apache\maven\surefire\surefire-grouper\2.22.0\surefire-grouper-2.22.0.jar;"/>
    <property name="sun.cpu.endian" value="little"/>
    <property name="user.home" value="C:\Users\Saltas"/>
    <property name="user.language" value="en"/>
    <property name="java.specification.vendor" value="Oracle Corporation"/>
    <property name="java.version.date" value="2020-01-14"/>
    <property name="java.home" value="C:\Program Files\Java\jdk-13.0.2"/>
    <property name="file.separator" value="\"/>
    <property name="basedir" value="C:\Users\Saltas\Documents\Selenium Course\Java Scripts\Expedia"/>
    <property name="java.vm.compressedOopsMode" value="32-bit"/>
    <property name="line.separator" value="&#10;"/>
    <property name="java.vm.specification.vendor" value="Oracle Corporation"/>
    <property name="java.specification.name" value="Java Platform API Specification"/>
    <property name="surefire.real.class.path" value="C:\Users\Saltas\AppData\Local\Temp\surefire5981763671926201962\surefirebooter2183301862449937645.jar"/>
    <property name="user.script" value=""/>
    <property name="sun.management.compiler" value="HotSpot 64-Bit Tiered Compilers"/>
    <property name="java.runtime.version" value="13.0.2+8"/>
    <property name="user.name" value="Saltas"/>
    <property name="path.separator" value=";"/>
    <property name="os.version" value="10.0"/>
    <property name="java.runtime.name" value="Java(TM) SE Runtime Environment"/>
    <property name="file.encoding" value="Cp1252"/>
    <property name="java.vm.name" value="Java HotSpot(TM) 64-Bit Server VM"/>
    <property name="localRepository" value="C:\Users\Saltas\.m2\repository"/>
    <property name="java.vendor.url.bug" value="https://bugreport.java.com/bugreport/"/>
    <property name="java.io.tmpdir" value="C:\Users\Saltas\AppData\Local\Temp\"/>
    <property name="java.version" value="13.0.2"/>
    <property name="user.dir" value="C:\Users\Saltas\Documents\Selenium Course\Java Scripts\Expedia"/>
    <property name="os.arch" value="amd64"/>
    <property name="java.vm.specification.name" value="Java Virtual Machine Specification"/>
    <property name="sun.os.patch.level" value=""/>
    <property name="java.library.path" value="C:\Program Files\Java\jdk-13.0.2\bin;C:\WINDOWS\Sun\Java\bin;C:\WINDOWS\system32;C:\WINDOWS;C:\Program Files (x86)\NVIDIA Corporation\PhysX\Common;C:\WINDOWS\system32;C:\WINDOWS;C:\WINDOWS\System32\Wbem;C:\WINDOWS\System32\WindowsPowerShell\v1.0\;C:\WINDOWS\System32\OpenSSH\;C:\Program Files (x86)\Intel\Intel(R) Management Engine Components\DAL;C:\Program Files\Intel\Intel(R) Management Engine Components\DAL;C:\Program Files\Java\jdk-13.0.2\bin;C:\Users\Saltas\Documents\Selenium Course\Drivers\;&quot;;C:\Program Files\Apache\apache-maven-3.6.3\bin&quot;;C:\Program Files\Apache\apache-maven-3.6.3\bin;C:\Program Files\Git\cmd;C:\Users\Saltas\AppData\Local\Microsoft\WindowsApps;;."/>
    <property name="java.vm.info" value="mixed mode, sharing"/>
    <property name="java.vendor" value="Oracle Corporation"/>
    <property name="java.vm.version" value="13.0.2+8"/>
    <property name="sun.io.unicode.encoding" value="UnicodeLittle"/>
    <property name="java.class.version" value="57.0"/>
  </properties>
  <testcase name="BookTrip" classname="FlightBooking.AddTripTest" time="1.17">
    <failure message="stale element reference: element is not attached to the page document&#10;  (Session info: chrome=81.0.4044.138)&#10;For documentation on this error, please visit: https://www.seleniumhq.org/exceptions/stale_element_reference.html&#10;Build info: version: &apos;3.141.59&apos;, revision: &apos;e82be7d358&apos;, time: &apos;2018-11-14T08:17:03&apos;&#10;System info: host: &apos;DESKTOP-COMQHP6&apos;, ip: &apos;192.168.136.1&apos;, os.name: &apos;Windows 10&apos;, os.arch: &apos;amd64&apos;, os.version: &apos;10.0&apos;, java.version: &apos;13.0.2&apos;&#10;Driver info: org.openqa.selenium.chrome.ChromeDriver&#10;Capabilities {acceptInsecureCerts: false, browserName: chrome, browserVersion: 81.0.4044.138, chrome: {chromedriverVersion: 81.0.4044.69 (6813546031a4b..., userDataDir: C:\Users\Saltas\AppData\Loc...}, goog:chromeOptions: {debuggerAddress: localhost:63377}, javascriptEnabled: true, networkConnectionEnabled: false, pageLoadStrategy: normal, platform: WINDOWS, platformName: WINDOWS, proxy: Proxy(), setWindowRect: true, strictFileInteractability: false, timeouts: {implicit: 0, pageLoad: 300000, script: 30000}, unhandledPromptBehavior: dismiss and notify, webauthn:virtualAuthenticators: true}&#10;Session ID: 6117fc8011212b1e6539daa0f202e5f9" type="org.openqa.selenium.StaleElementReferenceException">org.openqa.selenium.StaleElementReferenceException: 
stale element reference: element is not attached to the page document
  (Session info: chrome=81.0.4044.138)
For documentation on this error, please visit: https://www.seleniumhq.org/exceptions/stale_element_reference.html
Build info: version: '3.141.59', revision: 'e82be7d358', time: '2018-11-14T08:17:03'
System info: host: 'DESKTOP-COMQHP6', ip: '192.168.136.1', os.name: 'Windows 10', os.arch: 'amd64', os.version: '10.0', java.version: '13.0.2'
Driver info: org.openqa.selenium.chrome.ChromeDriver
Capabilities {acceptInsecureCerts: false, browserName: chrome, browserVersion: 81.0.4044.138, chrome: {chromedriverVersion: 81.0.4044.69 (6813546031a4b..., userDataDir: C:\Users\Saltas\AppData\Loc...}, goog:chromeOptions: {debuggerAddress: localhost:63377}, javascriptEnabled: true, networkConnectionEnabled: false, pageLoadStrategy: normal, platform: WINDOWS, platformName: WINDOWS, proxy: Proxy(), setWindowRect: true, strictFileInteractability: false, timeouts: {implicit: 0, pageLoad: 300000, script: 30000}, unhandledPromptBehavior: dismiss and notify, webauthn:virtualAuthenticators: true}
Session ID: 6117fc8011212b1e6539daa0f202e5f9
	at FlightBooking.AddTripTest.BookTrip(AddTripTest.java:43)
</failure>
    <system-out><![CDATA[<li id="react-autosuggest-1-suggestion--0" class="react-autosuggest__suggestion lh1-3" role="option"><div class=""><div class="fl hidden-sm  padT5 hidden-xs"><i class="fl icon-flights ico12"></i></div><div class="dib marginL10 pad0 textOverflow width90"><div class="mainTxt clearfix"><span>Athens, Greece</span><span class="txtTransUpper ico14 greyLt padL5">(ATH)</span></div><div class="fl auto-ctryAir-ellip mobEllipsis padT2 autoHm-ctryAir-ellip"><span class="clearfix"><small class="font12Lt">Eleftherios Venizelos International Airport</small></span></div><span class="fr"><small class="font12Lt vMid padR5 dib">GR</small><span class="flag-sprt vMid dib gr"></span></span><span class="clearfix">&nbsp;</span><!-- react-text: 507 --><!-- /react-text --></div></div></li><li id="react-autosuggest-1-suggestion--1" class="react-autosuggest__suggestion lh1-3" role="option"><div class=""><div class="fl hidden-sm  padT5 hidden-xs"><i class="fl icon-flights ico12"></i></div><div class="dib marginL10 pad0 textOverflow width90"><div class="mainTxt clearfix"><span>Athens, United States</span><span class="txtTransUpper ico14 greyLt padL5">(AHN)</span></div><div class="fl auto-ctryAir-ellip mobEllipsis padT2 autoHm-ctryAir-ellip"><span class="clearfix"><small class="font12Lt">Athens Ben Epps Airport</small></span></div><span class="fr"><small class="font12Lt vMid padR5 dib">US</small><span class="flag-sprt vMid dib us"></span></span><span class="clearfix">&nbsp;</span><!-- react-text: 523 --><!-- /react-text --></div></div></li><li id="react-autosuggest-1-suggestion--2" class="react-autosuggest__suggestion lh1-3" role="option"><div class=""><div class="fl hidden-sm  padT5 hidden-xs"><i class="fl icon-flights ico12"></i></div><div class="dib marginL10 pad0 textOverflow width90"><div class="mainTxt clearfix"><span>Colombo, Sri Lanka</span><span class="txtTransUpper ico14 greyLt padL5">(CMB)</span></div><div class="fl auto-ctryAir-ellip mobEllipsis padT2 autoHm-ctryAir-ellip"><span class="clearfix"><small class="font12Lt">Bandaranaike International Colombo Airport</small></span></div><span class="fr"><small class="font12Lt vMid padR5 dib">LK</small><span class="flag-sprt vMid dib lk"></span></span><span class="clearfix">&nbsp;</span><span class="clearfix"><small class="font12Lt"><!-- react-text: 541 --> <!-- /react-text --><span class="fb">(14</span><!-- react-text: 543 --> KMs from <!-- /react-text --><span class="fb">Athurugiriya,, Sri Lanka)</span></small></span></div></div></li><li id="react-autosuggest-1-suggestion--3" class="react-autosuggest__suggestion lh1-3" role="option"><div class=""><div class="fl hidden-sm  padT5 hidden-xs"><i class="fl icon-flights ico12"></i></div><div class="dib marginL10 pad0 textOverflow width90"><div class="mainTxt clearfix"><span>London, United Kingdom</span><span class="txtTransUpper ico14 greyLt padL5">(LHR)</span></div><div class="fl auto-ctryAir-ellip mobEllipsis padT2 autoHm-ctryAir-ellip"><span class="clearfix"><small class="font12Lt">London Heathrow Airport</small></span></div><span class="fr"><small class="font12Lt vMid padR5 dib">GB</small><span class="flag-sprt vMid dib gb"></span></span><span class="clearfix">&nbsp;</span><span class="clearfix"><small class="font12Lt"><!-- react-text: 562 --> <!-- /react-text --><span class="fb">(153</span><!-- react-text: 564 --> KMs from <!-- /react-text --><span class="fb">Atherstone, United Kingdom)</span></small></span></div></div></li><li id="react-autosuggest-1-suggestion--4" class="react-autosuggest__suggestion lh1-3" role="option"><div class=""><div class="fl hidden-sm  padT5 hidden-xs"><i class="fl icon-flights ico12"></i></div><div class="dib marginL10 pad0 textOverflow width90"><div class="mainTxt clearfix"><span>Male, Maldives</span><span class="txtTransUpper ico14 greyLt padL5">(MLE)</span></div><div class="fl auto-ctryAir-ellip mobEllipsis padT2 autoHm-ctryAir-ellip"><span class="clearfix"><small class="font12Lt">Male International Airport</small></span></div><span class="fr"><small class="font12Lt vMid padR5 dib">MV</small><span class="flag-sprt vMid dib mv"></span></span><span class="clearfix">&nbsp;</span><span class="clearfix"><small class="font12Lt"><!-- react-text: 583 --> <!-- /react-text --><span class="fb">(83</span><!-- react-text: 585 --> KMs from <!-- /react-text --><span class="fb">Athuruga Island, Maldives)</span></small></span></div></div></li><li id="react-autosuggest-1-suggestion--5" class="react-autosuggest__suggestion lh1-3" role="option"><div class=""><div class="fl hidden-sm  padT5 hidden-xs"><i class="fl icon-flights ico12"></i></div><div class="dib marginL10 pad0 textOverflow width90"><div class="mainTxt clearfix"><span>Atlanta, United States</span><span class="txtTransUpper ico14 greyLt padL5">(ATL)</span></div><div class="fl auto-ctryAir-ellip mobEllipsis padT2 autoHm-ctryAir-ellip"><span class="clearfix"><small class="font12Lt">Hartsfield Jackson Atlanta International Airport</small></span></div><span class="fr"><small class="font12Lt vMid padR5 dib">US</small><span class="flag-sprt vMid dib us"></span></span><span class="clearfix">&nbsp;</span><span class="clearfix"><small class="font12Lt"><!-- react-text: 604 --> <!-- /react-text --><span class="fb">(119</span><!-- react-text: 606 --> KMs from <!-- /react-text --><span class="fb">Athens, United States)</span></small></span></div></div></li><li id="react-autosuggest-1-suggestion--6" class="react-autosuggest__suggestion lh1-3" role="option"><div class=""><div class="fl hidden-sm  padT5 hidden-xs"><i class="fl icon-flights ico12"></i></div><div class="dib marginL10 pad0 textOverflow width90"><div class="mainTxt clearfix"><span>New York, United States</span><span class="txtTransUpper ico14 greyLt padL5">(JFK)</span></div><div class="fl auto-ctryAir-ellip mobEllipsis padT2 autoHm-ctryAir-ellip"><span class="clearfix"><small class="font12Lt">John F Kennedy International Airport</small></span></div><span class="fr"><small class="font12Lt vMid padR5 dib">US</small><span class="flag-sprt vMid dib us"></span></span><span class="clearfix">&nbsp;</span><span class="clearfix"><small class="font12Lt"><!-- react-text: 625 --> <!-- /react-text --><span class="fb">(177</span><!-- react-text: 627 --> KMs from <!-- /react-text --><span class="fb">Athens, United States)</span></small></span></div></div></li><li id="react-autosuggest-1-suggestion--7" class="react-autosuggest__suggestion lh1-3" role="option"><div class=""><div class="fl hidden-sm  padT5 hidden-xs"><i class="fl icon-flights ico12"></i></div><div class="dib marginL10 pad0 textOverflow width90"><div class="mainTxt clearfix"><span>Dallas, United States</span><span class="txtTransUpper ico14 greyLt padL5">(DFW)</span></div><div class="fl auto-ctryAir-ellip mobEllipsis padT2 autoHm-ctryAir-ellip"><span class="clearfix"><small class="font12Lt">Dallas Fort Worth International Airport</small></span></div><span class="fr"><small class="font12Lt vMid padR5 dib">US</small><span class="flag-sprt vMid dib us"></span></span><span class="clearfix">&nbsp;</span><span class="clearfix"><small class="font12Lt"><!-- react-text: 646 --> <!-- /react-text --><span class="fb">(152</span><!-- react-text: 648 --> KMs from <!-- /react-text --><span class="fb">Athens, United States)</span></small></span></div></div></li>
Get visible Text: Athens, Greece(ATH)
Eleftherios Venizelos International Airport
GR
 
Get visible Text for Departure Airport: Athens, Greece(ATH)
Eleftherios Venizelos International Airport
GR
 
]]></system-out>
    <system-err><![CDATA[Starting ChromeDriver 81.0.4044.69 (6813546031a4bc83f717a2ef7cd4ac6ec1199132-refs/branch-heads/4044@{#776}) on port 5557
Only local connections are allowed.
Please protect ports used by ChromeDriver and related test frameworks to prevent access by malicious code.
May 27, 2020 6:27:34 PM org.openqa.selenium.remote.ProtocolHandshake createSession
INFO: Detected dialect: W3C
[1590593256.974][SEVERE]: Timed out receiving message from renderer: 0.100
[1590593257.087][SEVERE]: Timed out receiving message from renderer: 0.100
[1590593257.207][SEVERE]: Timed out receiving message from renderer: 0.100
[1590593257.308][SEVERE]: Timed out receiving message from renderer: 0.100
[1590593257.410][SEVERE]: Timed out receiving message from renderer: 0.100
[1590593257.511][SEVERE]: Timed out receiving message from renderer: 0.100
[1590593257.613][SEVERE]: Timed out receiving message from renderer: 0.100
[1590593257.715][SEVERE]: Timed out receiving message from renderer: 0.100
[1590593257.817][SEVERE]: Timed out receiving message from renderer: 0.100
[1590593259.027][SEVERE]: Timed out receiving message from renderer: 0.100
[1590593259.214][SEVERE]: Timed out receiving message from renderer: 0.100
[1590593259.405][SEVERE]: Timed out receiving message from renderer: 0.100
[1590593259.506][SEVERE]: Timed out receiving message from renderer: 0.100
[1590593259.748][SEVERE]: Timed out receiving message from renderer: 0.100
[1590593259.849][SEVERE]: Timed out receiving message from renderer: 0.100
[1590593259.950][SEVERE]: Timed out receiving message from renderer: 0.100
[1590593260.052][SEVERE]: Timed out receiving message from renderer: 0.100
[1590593260.154][SEVERE]: Timed out receiving message from renderer: 0.100
[1590593260.256][SEVERE]: Timed out receiving message from renderer: 0.100
[1590593260.359][SEVERE]: Timed out receiving message from renderer: 0.100
[1590593260.461][SEVERE]: Timed out receiving message from renderer: 0.100
[1590593260.562][SEVERE]: Timed out receiving message from renderer: 0.100
[1590593260.665][SEVERE]: Timed out receiving message from renderer: 0.100
[1590593260.767][SEVERE]: Timed out receiving message from renderer: 0.100
[1590593260.873][SEVERE]: Timed out receiving message from renderer: 0.100
[1590593261.000][SEVERE]: Timed out receiving message from renderer: 0.100
[1590593261.101][SEVERE]: Timed out receiving message from renderer: 0.100
[1590593261.203][SEVERE]: Timed out receiving message from renderer: 0.100
[1590593261.305][SEVERE]: Timed out receiving message from renderer: 0.100
[1590593261.406][SEVERE]: Timed out receiving message from renderer: 0.100
[1590593261.509][SEVERE]: Timed out receiving message from renderer: 0.100
[1590593261.611][SEVERE]: Timed out receiving message from renderer: 0.100
[1590593261.712][SEVERE]: Timed out receiving message from renderer: 0.100
[1590593261.814][SEVERE]: Timed out receiving message from renderer: 0.100
[1590593261.916][SEVERE]: Timed out receiving message from renderer: 0.100
[1590593262.018][SEVERE]: Timed out receiving message from renderer: 0.100
[1590593262.125][SEVERE]: Timed out receiving message from renderer: 0.100
[1590593262.226][SEVERE]: Timed out receiving message from renderer: 0.100
[1590593262.328][SEVERE]: Timed out receiving message from renderer: 0.100
[1590593262.544][SEVERE]: Timed out receiving message from renderer: 0.100
[1590593262.732][SEVERE]: Timed out receiving message from renderer: 0.100
[1590593262.833][SEVERE]: Timed out receiving message from renderer: 0.100
[1590593262.940][SEVERE]: Timed out receiving message from renderer: 0.100
[1590593263.045][SEVERE]: Timed out receiving message from renderer: 0.100
[1590593263.149][SEVERE]: Timed out receiving message from renderer: 0.100
[1590593263.255][SEVERE]: Timed out receiving message from renderer: 0.100
[1590593263.358][SEVERE]: Timed out receiving message from renderer: 0.100
[1590593263.461][SEVERE]: Timed out receiving message from renderer: 0.100
[1590593263.563][SEVERE]: Timed out receiving message from renderer: 0.100
[1590593263.665][SEVERE]: Timed out receiving message from renderer: 0.100
[1590593263.766][SEVERE]: Timed out receiving message from renderer: 0.100
[1590593263.867][SEVERE]: Timed out receiving message from renderer: 0.100
[1590593263.969][SEVERE]: Timed out receiving message from renderer: 0.100
[1590593264.070][SEVERE]: Timed out receiving message from renderer: 0.100
[1590593264.172][SEVERE]: Timed out receiving message from renderer: 0.100
[1590593264.273][SEVERE]: Timed out receiving message from renderer: 0.100
[1590593264.374][SEVERE]: Timed out receiving message from renderer: 0.100
[1590593264.479][SEVERE]: Timed out receiving message from renderer: 0.100
[1590593264.583][SEVERE]: Timed out receiving message from renderer: 0.100
[1590593264.686][SEVERE]: Timed out receiving message from renderer: 0.100
[1590593264.787][SEVERE]: Timed out receiving message from renderer: 0.100
[1590593264.889][SEVERE]: Timed out receiving message from renderer: 0.100
[1590593264.991][SEVERE]: Timed out receiving message from renderer: 0.100
[1590593265.092][SEVERE]: Timed out receiving message from renderer: 0.100
[1590593265.193][SEVERE]: Timed out receiving message from renderer: 0.100
[1590593265.295][SEVERE]: Timed out receiving message from renderer: 0.100
[1590593265.396][SEVERE]: Timed out receiving message from renderer: 0.100
[1590593265.498][SEVERE]: Timed out receiving message from renderer: 0.100
[1590593265.599][SEVERE]: Timed out receiving message from renderer: 0.100
[1590593265.705][SEVERE]: Timed out receiving message from renderer: 0.100
[1590593265.808][SEVERE]: Timed out receiving message from renderer: 0.100
[1590593266.095][SEVERE]: Timed out receiving message from renderer: 0.100
[1590593266.337][SEVERE]: Timed out receiving message from renderer: 0.100
[1590593266.438][SEVERE]: Timed out receiving message from renderer: 0.100
[1590593266.597][SEVERE]: Timed out receiving message from renderer: 0.100
[1590593266.699][SEVERE]: Timed out receiving message from renderer: 0.100
[1590593266.800][SEVERE]: Timed out receiving message from renderer: 0.100
[1590593266.903][SEVERE]: Timed out receiving message from renderer: 0.100
[1590593267.004][SEVERE]: Timed out receiving message from renderer: 0.100
]]></system-err>
  </testcase>
</testsuite>