<?xml version="1.0" encoding="UTF-8"?>
<!-- Generated by org.testng.reporters.JUnitReportReporter -->
<testsuite hostname="DESKTOP-COMQHP6" failures="0" tests="3" name="MathProblem.TestAvg" time="0.060" errors="0" timestamp="16 May 2020 10:18:11 GMT" skipped="0">
  <testcase classname="MathProblem.TestAvg" name="testPositive" time="0.020"/>
  <testcase classname="MathProblem.TestAvg" name="testNegative" time="0.020"/>
  <testcase classname="MathProblem.TestAvg" name="testNegative2" time="0.020"/>
</testsuite> <!-- MathProblem.TestAvg -->
