<?xml version="1.0" encoding="UTF-8"?>
<!-- Generated by org.testng.reporters.JUnitReportReporter -->
<testsuite hostname="DESKTOP-COMQHP6" failures="0" tests="1" name="FlightBooking.AddTripTest" time="3.815" errors="0" timestamp="27 May 2020 16:22:43 GMT" skipped="0">
  <testcase classname="FlightBooking.AddTripTest" name="BookTrip" time="3.815"/>
</testsuite> <!-- FlightBooking.AddTripTest -->
