<?xml version="1.0" encoding="UTF-8"?>
<!-- Generated by org.testng.reporters.JUnitReportReporter -->
<testsuite hostname="DESKTOP-COMQHP6" failures="0" tests="1" name="FlightBooking.AddTripTest" time="7.943" errors="0" timestamp="25 May 2020 19:22:58 GMT" skipped="0">
  <testcase classname="FlightBooking.AddTripTest" name="BookTrip" time="7.943"/>
</testsuite> <!-- FlightBooking.AddTripTest -->
