<?xml version="1.0" encoding="UTF-8"?>
<!-- Generated by org.testng.reporters.JUnitReportReporter -->
<testsuite hostname="DESKTOP-COMQHP6" failures="0" tests="3" name="MathProblem.TestAvg" time="0.032" errors="0" timestamp="16 May 2020 10:21:43 GMT" skipped="0">
  <testcase classname="MathProblem.TestAvg" name="testPositive" time="0.010"/>
  <testcase classname="MathProblem.TestAvg" name="testNegative" time="0.011"/>
  <testcase classname="MathProblem.TestAvg" name="testNegative2" time="0.011"/>
</testsuite> <!-- MathProblem.TestAvg -->
