<?xml version="1.0" encoding="UTF-8"?>
<!-- Generated by org.testng.reporters.JUnitReportReporter -->
<testsuite hostname="DESKTOP-COMQHP6" failures="0" tests="1" name="FlightBooking.AddTripTest" time="11.120" errors="0" timestamp="25 May 2020 20:41:14 GMT" skipped="0">
  <testcase classname="FlightBooking.AddTripTest" name="BookTrip" time="11.120"/>
</testsuite> <!-- FlightBooking.AddTripTest -->
